2026-01-04 07:20:53,695 | INFO | ✅ Log file: ./logs/KPKT_SCRAPE_SHANG HEIGHT_20260104_051715.log
2026-01-04 07:20:53,695 | INFO | ✅ Start Pemaju: SHANG HEIGHT
2026-01-04 07:20:53,695 | INFO | ✅ Output folder: ./data/pemaju/SHANG HEIGHT
2026-01-04 07:20:53,695 | INFO | ====== WebDriver manager ======
2026-01-04 07:20:53,761 | INFO | Get LATEST chromedriver version for google-chrome
2026-01-04 07:20:53,799 | INFO | Get LATEST chromedriver version for google-chrome
2026-01-04 07:20:53,829 | INFO | Driver [/home/runner/.wdm/drivers/chromedriver/linux64/143.0.7499.169/chromedriver-linux64/chromedriver] found in cache
2026-01-04 07:20:54,027 | INFO | ✅ Chrome started (headless=True)
2026-01-04 07:20:59,763 | INFO | ✅ Opened https://teduh.kpkt.gov.my/semakan-status-kemajuan
2026-01-04 07:21:04,392 | INFO | ✅ Jenis Carian = Pemaju
2026-01-04 07:21:09,002 | INFO | ✅ Negeri = Melaka
2026-01-04 07:21:10,598 | INFO | ✅ Kata Kunci = SHANG HEIGHT
2026-01-04 07:21:12,914 | INFO | ✅ Clicked CARI
2026-01-04 07:21:12,929 | INFO | ✅ Results table loaded
2026-01-04 07:21:12,929 | INFO | ✅ Processing listing page 1
2026-01-04 07:21:12,986 | INFO | ✅ [1] Open: 30046-1 RESIDENSI BUKIT PIATU MUTIARA
2026-01-04 07:21:17,794 | INFO | ✅ Opened project detail
2026-01-04 07:21:21,622 | INFO | ✅ Tab opened: maklumat projek
2026-01-04 07:21:21,638 | INFO | ✅ Daerah Projek = 'Melaka Tengah'
2026-01-04 07:21:21,673 | INFO | ✅ Maklumat Projek scraped
2026-01-04 07:21:25,489 | INFO | ✅ Tab opened: status terkini projek
2026-01-04 07:21:25,504 | INFO | ✅ Maklumat Pembangunan = Berfasa
2026-01-04 07:21:25,504 | INFO | ✅ Status Keseluruhan = Siap Dengan CCC
2026-01-04 07:21:25,604 | INFO | ✅ Status table rows = 1
2026-01-04 07:21:29,418 | INFO | ✅ Tab opened: maklumat projek
2026-01-04 07:21:34,249 | INFO | ✅ Unit modal opened
2026-01-04 07:21:38,143 | INFO | ✅ Clicked Paparan Senarai
2026-01-04 07:21:44,538 | INFO | ✅ Unit rows scraped = 192
2026-01-04 07:21:46,856 | INFO | ✅ Unit modal closed (TUTUP)
2026-01-04 07:21:46,856 | INFO | ✅ Unit details scraped
2026-01-04 07:21:48,376 | INFO | ✅ Returned to listing
2026-01-04 07:21:48,410 | INFO | ✅ [2] Open: 19977-3 TAMAN BERTAM SETIA
2026-01-04 07:21:53,219 | INFO | ✅ Opened project detail
2026-01-04 07:21:57,057 | INFO | ✅ Tab opened: maklumat projek
2026-01-04 07:21:57,073 | INFO | ✅ Daerah Projek = 'Melaka Tengah'
2026-01-04 07:21:57,107 | INFO | ✅ Maklumat Projek scraped
2026-01-04 07:22:00,927 | INFO | ✅ Tab opened: status terkini projek
2026-01-04 07:22:00,945 | INFO | ✅ Maklumat Pembangunan = Berfasa
2026-01-04 07:22:00,945 | INFO | ✅ Status Keseluruhan = Lancar
2026-01-04 07:22:01,036 | INFO | ✅ Status table rows = 1
2026-01-04 07:22:04,850 | INFO | ✅ Tab opened: maklumat projek
2026-01-04 07:22:09,694 | INFO | ✅ Unit modal opened
2026-01-04 07:22:13,536 | INFO | ✅ Clicked Paparan Senarai
2026-01-04 07:22:14,953 | INFO | ✅ Unit rows scraped = 42
2026-01-04 07:22:17,261 | INFO | ✅ Unit modal closed (TUTUP)
2026-01-04 07:22:17,262 | INFO | ✅ Unit details scraped
2026-01-04 07:22:18,778 | INFO | ✅ Returned to listing
2026-01-04 07:22:18,812 | INFO | ✅ [3] Open: 19977-2 TAMAN ANGKASA NURI
2026-01-04 07:22:23,613 | INFO | ✅ Opened project detail
2026-01-04 07:22:27,428 | INFO | ✅ Tab opened: maklumat projek
2026-01-04 07:22:27,440 | INFO | ✅ Daerah Projek = 'Alor Gajah'
2026-01-04 07:22:27,465 | INFO | ✅ Maklumat Projek scraped
2026-01-04 07:22:31,278 | INFO | ✅ Tab opened: status terkini projek
2026-01-04 07:22:31,290 | INFO | ✅ Maklumat Pembangunan = Berfasa
2026-01-04 07:22:31,290 | INFO | ✅ Status Keseluruhan = Siap Dengan CCC
2026-01-04 07:22:31,442 | INFO | ✅ Status table rows = 2
2026-01-04 07:22:35,258 | INFO | ✅ Tab opened: maklumat projek
2026-01-04 07:22:40,079 | INFO | ✅ Unit modal opened
2026-01-04 07:22:43,914 | INFO | ✅ Clicked Paparan Senarai
2026-01-04 07:22:45,397 | INFO | ✅ Unit rows scraped = 45
2026-01-04 07:22:47,730 | INFO | ✅ Unit modal closed (TUTUP)
2026-01-04 07:22:47,730 | INFO | ✅ Unit details scraped
2026-01-04 07:22:49,248 | INFO | ✅ Returned to listing
2026-01-04 07:22:49,284 | INFO | ✅ [4] Open: 19977-1 TAMAN ANGKASA NURI
2026-01-04 07:22:54,086 | INFO | ✅ Opened project detail
2026-01-04 07:22:57,901 | INFO | ✅ Tab opened: maklumat projek
2026-01-04 07:22:57,913 | INFO | ✅ Daerah Projek = 'Alor Gajah'
2026-01-04 07:22:57,940 | INFO | ✅ Maklumat Projek scraped
2026-01-04 07:23:01,754 | INFO | ✅ Tab opened: status terkini projek
2026-01-04 07:23:01,766 | INFO | ✅ Maklumat Pembangunan = Berfasa
2026-01-04 07:23:01,766 | INFO | ✅ Status Keseluruhan = Siap Dengan CCC
2026-01-04 07:23:02,055 | INFO | ✅ Status table rows = 4
2026-01-04 07:23:05,870 | INFO | ✅ Tab opened: maklumat projek
2026-01-04 07:23:10,699 | INFO | ✅ Unit modal opened
2026-01-04 07:23:14,532 | INFO | ✅ Clicked Paparan Senarai
2026-01-04 07:23:16,639 | INFO | ✅ Unit rows scraped = 63
2026-01-04 07:23:18,947 | INFO | ✅ Unit modal closed (TUTUP)
2026-01-04 07:23:18,947 | INFO | ✅ Unit details scraped
2026-01-04 07:23:20,465 | INFO | ✅ Returned to listing
2026-01-04 07:23:20,501 | INFO | ✅ [5] Open: 14627-8 TAMAN BERTAM SETIA
2026-01-04 07:23:25,304 | INFO | ✅ Opened project detail
2026-01-04 07:23:29,130 | INFO | ✅ Tab opened: maklumat projek
2026-01-04 07:23:29,142 | INFO | ✅ Daerah Projek = '-'
2026-01-04 07:23:29,170 | INFO | ✅ Maklumat Projek scraped
2026-01-04 07:23:32,983 | INFO | ✅ Tab opened: status terkini projek
2026-01-04 07:23:32,994 | INFO | ✅ Maklumat Pembangunan = Berfasa
2026-01-04 07:23:32,994 | INFO | ✅ Status Keseluruhan = Lancar
2026-01-04 07:23:33,075 | INFO | ✅ Status table rows = 1
2026-01-04 07:23:36,888 | INFO | ✅ Tab opened: maklumat projek
2026-01-04 07:23:41,710 | INFO | ✅ Unit modal opened
2026-01-04 07:23:45,538 | INFO | ✅ Clicked Paparan Senarai
2026-01-04 07:23:45,966 | INFO | ✅ Unit rows scraped = 12
2026-01-04 07:23:48,322 | INFO | ✅ Unit modal closed (TUTUP)
2026-01-04 07:23:48,322 | INFO | ✅ Unit details scraped
2026-01-04 07:23:49,839 | INFO | ✅ Returned to listing
2026-01-04 07:23:49,873 | INFO | ✅ [6] Open: 14627-7 TAMAN BERTAM SETIA
2026-01-04 07:23:54,675 | INFO | ✅ Opened project detail
2026-01-04 07:23:58,491 | INFO | ✅ Tab opened: maklumat projek
2026-01-04 07:23:58,503 | INFO | ✅ Daerah Projek = 'Melaka Tengah'
2026-01-04 07:23:58,530 | INFO | ✅ Maklumat Projek scraped
2026-01-04 07:24:02,342 | INFO | ✅ Tab opened: status terkini projek
2026-01-04 07:24:02,353 | INFO | ✅ Maklumat Pembangunan = Berfasa
2026-01-04 07:24:02,353 | INFO | ✅ Status Keseluruhan = Lancar
2026-01-04 07:24:02,433 | INFO | ✅ Status table rows = 1
2026-01-04 07:24:06,247 | INFO | ✅ Tab opened: maklumat projek
2026-01-04 07:24:11,074 | INFO | ✅ Unit modal opened
2026-01-04 07:24:14,902 | INFO | ✅ Clicked Paparan Senarai
2026-01-04 07:24:15,648 | INFO | ✅ Unit rows scraped = 22
2026-01-04 07:24:18,006 | INFO | ✅ Unit modal closed (TUTUP)
2026-01-04 07:24:18,006 | INFO | ✅ Unit details scraped
2026-01-04 07:24:19,522 | INFO | ✅ Returned to listing
2026-01-04 07:24:19,557 | INFO | ✅ [7] Open: 14627-6 TAMAN TANJONG MINYAK PERDANA, BERTAM ULU
2026-01-04 07:24:24,358 | INFO | ✅ Opened project detail
2026-01-04 07:24:28,175 | INFO | ✅ Tab opened: maklumat projek
2026-01-04 07:24:28,188 | INFO | ✅ Daerah Projek = 'Melaka Tengah'
2026-01-04 07:24:28,214 | INFO | ✅ Maklumat Projek scraped
2026-01-04 07:24:32,027 | INFO | ✅ Tab opened: status terkini projek
2026-01-04 07:24:32,039 | INFO | ✅ Maklumat Pembangunan = Berfasa
2026-01-04 07:24:32,039 | INFO | ✅ Status Keseluruhan = Lewat
2026-01-04 07:24:32,124 | INFO | ✅ Status table rows = 1
2026-01-04 07:24:35,939 | INFO | ✅ Tab opened: maklumat projek
2026-01-04 07:24:40,756 | INFO | ✅ Unit modal opened
2026-01-04 07:24:44,597 | INFO | ✅ Clicked Paparan Senarai
2026-01-04 07:24:46,344 | INFO | ✅ Unit rows scraped = 53
2026-01-04 07:24:48,652 | INFO | ✅ Unit modal closed (TUTUP)
2026-01-04 07:24:48,652 | INFO | ✅ Unit details scraped
2026-01-04 07:24:50,169 | INFO | ✅ Returned to listing
2026-01-04 07:24:50,203 | INFO | ✅ [8] Open: 14627-5 TAMAN BUKIT LINTANG PERMAI
2026-01-04 07:24:55,004 | INFO | ✅ Opened project detail
2026-01-04 07:24:58,822 | INFO | ✅ Tab opened: maklumat projek
2026-01-04 07:24:58,835 | INFO | ✅ Daerah Projek = 'Melaka Tengah'
2026-01-04 07:24:58,859 | INFO | ✅ Maklumat Projek scraped
2026-01-04 07:25:02,672 | INFO | ✅ Tab opened: status terkini projek
2026-01-04 07:25:02,683 | INFO | ✅ Maklumat Pembangunan = Berfasa
2026-01-04 07:25:02,683 | INFO | ✅ Status Keseluruhan = Siap Dengan CCC
2026-01-04 07:25:02,827 | INFO | ✅ Status table rows = 2
2026-01-04 07:25:06,640 | INFO | ✅ Tab opened: maklumat projek
2026-01-04 07:25:11,459 | INFO | ✅ Unit modal opened
2026-01-04 07:25:15,303 | INFO | ✅ Clicked Paparan Senarai
2026-01-04 07:25:18,766 | INFO | ✅ Unit rows scraped = 105
2026-01-04 07:25:21,083 | INFO | ✅ Unit modal closed (TUTUP)
2026-01-04 07:25:21,083 | INFO | ✅ Unit details scraped
2026-01-04 07:25:22,600 | INFO | ✅ Returned to listing
2026-01-04 07:25:22,635 | INFO | ✅ [9] Open: 14627-4 TAMAN BERTAM SETIA
2026-01-04 07:25:27,438 | INFO | ✅ Opened project detail
2026-01-04 07:25:31,253 | INFO | ✅ Tab opened: maklumat projek
2026-01-04 07:25:31,266 | INFO | ✅ Daerah Projek = 'Melaka Tengah'
2026-01-04 07:25:31,290 | INFO | ✅ Maklumat Projek scraped
2026-01-04 07:25:35,102 | INFO | ✅ Tab opened: status terkini projek
2026-01-04 07:25:35,113 | INFO | ✅ Maklumat Pembangunan = Berfasa
2026-01-04 07:25:35,113 | INFO | ✅ Status Keseluruhan = Siap Dengan CCC
2026-01-04 07:25:35,257 | INFO | ✅ Status table rows = 2
2026-01-04 07:25:39,070 | INFO | ✅ Tab opened: maklumat projek
2026-01-04 07:25:43,890 | INFO | ✅ Unit modal opened
2026-01-04 07:25:47,721 | INFO | ✅ Clicked Paparan Senarai
2026-01-04 07:25:49,395 | INFO | ✅ Unit rows scraped = 50
2026-01-04 07:25:51,735 | INFO | ✅ Unit modal closed (TUTUP)
2026-01-04 07:25:51,735 | INFO | ✅ Unit details scraped
2026-01-04 07:25:53,252 | INFO | ✅ Returned to listing
2026-01-04 07:25:53,288 | INFO | ✅ [10] Open: 14627-3 SHANG HEIGHT REALTY SDN. BHD.
2026-01-04 07:25:58,090 | INFO | ✅ Opened project detail
2026-01-04 07:26:01,905 | INFO | ✅ Tab opened: maklumat projek
2026-01-04 07:26:01,918 | INFO | ✅ Daerah Projek = 'Melaka Tengah'
2026-01-04 07:26:01,943 | INFO | ✅ Maklumat Projek scraped
2026-01-04 07:26:05,753 | INFO | ✅ Tab opened: status terkini projek
2026-01-04 07:26:05,765 | INFO | ✅ Maklumat Pembangunan = Berfasa
2026-01-04 07:26:05,765 | INFO | ✅ Status Keseluruhan = Siap Dengan CCC
2026-01-04 07:26:05,844 | INFO | ✅ Status table rows = 1
2026-01-04 07:26:09,657 | INFO | ✅ Tab opened: maklumat projek
2026-01-04 07:26:14,477 | INFO | ✅ Unit modal opened
2026-01-04 07:26:18,314 | INFO | ✅ Clicked Paparan Senarai
2026-01-04 07:26:19,719 | INFO | ✅ Unit rows scraped = 42
2026-01-04 07:26:22,025 | INFO | ✅ Unit modal closed (TUTUP)
2026-01-04 07:26:22,025 | INFO | ✅ Unit details scraped
2026-01-04 07:26:23,542 | INFO | ✅ Returned to listing
2026-01-04 07:26:23,576 | INFO | ✅ [11] Open: 14627-2 SHANG HEIGHT REALTY SDN. BHD.
2026-01-04 07:26:28,377 | INFO | ✅ Opened project detail
2026-01-04 07:26:32,191 | INFO | ✅ Tab opened: maklumat projek
2026-01-04 07:26:32,203 | INFO | ✅ Daerah Projek = 'Melaka Tengah'
2026-01-04 07:26:32,228 | INFO | ✅ Maklumat Projek scraped
2026-01-04 07:26:36,041 | INFO | ✅ Tab opened: status terkini projek
2026-01-04 07:26:36,051 | INFO | ✅ Maklumat Pembangunan = Berfasa
2026-01-04 07:26:36,052 | INFO | ✅ Status Keseluruhan = Siap Dengan CCC
2026-01-04 07:26:36,144 | INFO | ✅ Status table rows = 1
2026-01-04 07:26:39,957 | INFO | ✅ Tab opened: maklumat projek
2026-01-04 07:26:44,776 | INFO | ✅ Unit modal opened
2026-01-04 07:26:48,607 | INFO | ✅ Clicked Paparan Senarai
2026-01-04 07:26:49,913 | INFO | ✅ Unit rows scraped = 39
2026-01-04 07:26:52,218 | INFO | ✅ Unit modal closed (TUTUP)
2026-01-04 07:26:52,218 | INFO | ✅ Unit details scraped
2026-01-04 07:26:53,734 | INFO | ✅ Returned to listing
2026-01-04 07:26:53,769 | INFO | ✅ [12] Open: 14627-1 SHANG HEIGHT REALTY SDN BHD
2026-01-04 07:26:58,571 | INFO | ✅ Opened project detail
2026-01-04 07:27:02,385 | INFO | ✅ Tab opened: maklumat projek
2026-01-04 07:27:02,398 | INFO | ✅ Daerah Projek = 'Melaka Tengah'
2026-01-04 07:27:02,424 | INFO | ✅ Maklumat Projek scraped
2026-01-04 07:27:06,235 | INFO | ✅ Tab opened: status terkini projek
2026-01-04 07:27:06,246 | INFO | ✅ Maklumat Pembangunan = Berfasa
2026-01-04 07:27:06,246 | INFO | ✅ Status Keseluruhan = Siap Dengan CCC
2026-01-04 07:27:06,334 | INFO | ✅ Status table rows = 1
2026-01-04 07:27:10,151 | INFO | ✅ Tab opened: maklumat projek
2026-01-04 07:27:14,972 | INFO | ✅ Unit modal opened
2026-01-04 07:27:18,819 | INFO | ✅ Clicked Paparan Senarai
2026-01-04 07:27:21,402 | INFO | ✅ Unit rows scraped = 78
2026-01-04 07:27:23,760 | INFO | ✅ Unit modal closed (TUTUP)
2026-01-04 07:27:23,761 | INFO | ✅ Unit details scraped
2026-01-04 07:27:25,278 | INFO | ✅ Returned to listing
2026-01-04 07:27:25,294 | INFO | ✅ No next page. Pagination done.
2026-01-04 07:27:25,294 | INFO | ✅ Saved CSV: ./data/pemaju/SHANG HEIGHT/SHANG HEIGHT_MELAKA_ALL_PROJECTS_20260104.csv
2026-01-04 07:27:25,295 | INFO | ✅ Saved CSV: ./data/pemaju/SHANG HEIGHT/SHANG HEIGHT_MELAKA_HOUSE_TYPE_20260104.csv
2026-01-04 07:27:25,300 | INFO | ✅ Saved CSV: ./data/pemaju/SHANG HEIGHT/SHANG HEIGHT_MELAKA_UNIT_DETAILS_20260104.csv
2026-01-04 07:27:25,300 | INFO | ✅ SUMMARY: Projects=12, HouseTypes=18, UnitRows=743
2026-01-04 07:27:25,300 | INFO | ✅ DONE pemaju scrape
2026-01-04 07:27:25,399 | INFO | ✅ Chrome driver closed
